<?xml version="1.0" encoding="UTF-8"?>
<!-- Generated by org.testng.reporters.JUnitReportReporter -->
<testsuite skipped="0" hostname="LAPTOP-PEB8BH71" name="com.automation.NewTest" tests="1" failures="0" timestamp="17 Mar 2020 23:37:09 GMT" time="2.374" errors="0">
  <testcase name="f" time="2.374" classname="com.automation.NewTest"/>
</testsuite> <!-- com.automation.NewTest -->
