<?xml version="1.0" encoding="UTF-8"?>
<!-- Generated by org.testng.reporters.JUnitReportReporter -->
<testsuite skipped="0" hostname="LAPTOP-PEB8BH71" name="com.automation.NewTest" tests="1" failures="0" timestamp="16 Mar 2020 09:35:30 GMT" time="3.050" errors="0">
  <testcase name="f" time="3.050" classname="com.automation.NewTest"/>
</testsuite> <!-- com.automation.NewTest -->
